<?xml version="1.0" encoding="utf-8"?><testsuites name="pytest tests"><testsuite name="pytest" errors="0" failures="1" skipped="0" tests="9" time="10.302" timestamp="2026-07-25T19:10:23.758409+00:00" hostname="agent-env-097096ae-f429-4e40-a088-294be6aa94d7"><testcase classname="tests.test_cases_crud" name="test_health_and_login" time="1.204" /><testcase classname="tests.test_cases_crud" name="test_dashboard_kpis" time="0.153" /><testcase classname="tests.test_cases_crud" name="test_cases_list" time="0.114" /><testcase classname="tests.test_cases_crud" name="test_patch_case_as_analyst" time="0.488" /><testcase classname="tests.test_cases_crud" name="test_patch_case_forbidden_for_supervisor" time="0.110" /><testcase classname="tests.test_cases_crud" name="test_delete_forbidden_for_analyst" time="1.295" /><testcase classname="tests.test_cases_crud" name="test_delete_and_recreate_admin" time="0.096"><failure message="AssertionError: Internal Server Error&#10;assert 500 in (200, 201)&#10; +  where 500 = &lt;Response [500]&gt;.status_code">backend/tests/test_cases_crud.py:109: in test_delete_and_recreate_admin
    assert c.status_code in (200, 201), c.text
E   AssertionError: Internal Server Error
E   assert 500 in (200, 201)
E    +  where 500 = &lt;Response [500]&gt;.status_code</failure></testcase><testcase classname="tests.test_cases_crud" name="test_network_graph_and_facets" time="0.294" /><testcase classname="tests.test_cases_crud" name="test_kavacha_chat_stream" time="6.169" /></testsuite></testsuites>